<?xml version="1.0" encoding="UTF-8"?>
<testsuite xmlns:xsi="http://www.w3.org/2001/XMLSchema-instance" xsi:noNamespaceSchemaLocation="https://maven.apache.org/surefire/maven-surefire-plugin/xsd/surefire-test-report.xsd" name="com.amadeus.jira.plugin.issueview_field_allcustom_workaround.AllCustomFieldSwallowingServletRequestTest" time="0.356" tests="4" errors="0" skipped="0" failures="0">
  <properties>
[...]
</properties>
  <testcase name="testParamsWithOtherFieldParams" classname="com.amadeus.jira.plugin.issueview_field_allcustom_workaround.AllCustomFieldSwallowingServletRequestTest" time="0.285"/>
  <testcase name="testParamsWithNoOtherFieldParams" classname="com.amadeus.jira.plugin.issueview_field_allcustom_workaround.AllCustomFieldSwallowingServletRequestTest" time="0.001"/>
  <testcase name="testQueryPathRewrite" classname="com.amadeus.jira.plugin.issueview_field_allcustom_workaround.AllCustomFieldSwallowingServletRequestTest" time="0.01"/>
  <testcase name="testSingleNonAllcustomfieldParam" classname="com.amadeus.jira.plugin.issueview_field_allcustom_workaround.AllCustomFieldSwallowingServletRequestTest" time="0.002"/>
</testsuite>